<?xml version="1.0" encoding="UTF-8"?>
<!-- Generated by org.testng.reporters.JUnitXMLReporter -->
<testsuite ignored="0" hostname="DESKTOP-LS1FC4S" failures="3" tests="3" name="Test" time="45.014" errors="0" timestamp="2026-04-21T11:35:24 IST">
  <testcase classname="io.cucumber.testng.AbstractTestNGCucumberTests" name="runScenario" time="41.428">
    <failure type="java.lang.NullPointerException">
      <![CDATA[java.lang.NullPointerException
at org.basePackage.BaseTest.sendKeys(BaseTest.java:59)
at org.pagesPackage.LoginPage.login(LoginPage.java:14)
at org.stepDefinitions.LoginSteps.loginSteps(LoginSteps.java:16)
at ✽.user enters "standard_user" and "secret_sauce"(file:///C:/Users/user/eclipse-workspace/SauceDemoAssignment/src/test/resources/features/LoginFeature.feature:6)
]]>
    </failure>
  </testcase> <!-- runScenario -->
  <testcase classname="io.cucumber.testng.AbstractTestNGCucumberTests" name="runScenario" time="42.023">
    <failure type="java.lang.NullPointerException">
      <![CDATA[java.lang.NullPointerException
at org.basePackage.BaseTest.sendKeys(BaseTest.java:59)
at org.pagesPackage.LoginPage.login(LoginPage.java:14)
at org.stepDefinitions.OrderSteps.loginUser(OrderSteps.java:20)
at ✽.user logged in(file:///C:/Users/user/eclipse-workspace/SauceDemoAssignment/src/test/resources/features/OrderFeature.feature:4)
]]>
    </failure>
  </testcase> <!-- runScenario -->
  <testcase classname="io.cucumber.testng.AbstractTestNGCucumberTests" name="runScenario" time="42.7">
    <failure type="java.lang.NullPointerException">
      <![CDATA[java.lang.NullPointerException
at org.basePackage.BaseTest.sendKeys(BaseTest.java:59)
at org.pagesPackage.LoginPage.login(LoginPage.java:14)
at org.stepDefinitions.LoginSteps.loginSteps(LoginSteps.java:16)
at ✽.user enters "locked_out_user" and "secret_sauce"(file:///C:/Users/user/eclipse-workspace/SauceDemoAssignment/src/test/resources/features/LoginFeature.feature:6)
]]>
    </failure>
  </testcase> <!-- runScenario -->
</testsuite> <!-- Test -->
