<?xml version="1.0" encoding="UTF-8"?>
<testng-results ignored="0" total="8" passed="6" failed="2" skipped="0">
  <reporter-output>
  </reporter-output>
  <suite started-at="2026-04-21T12:12:03 IST" name="Suite" finished-at="2026-04-21T12:14:00 IST" duration-ms="116817">
    <groups>
      <group name="cucumber">
        <method signature="AbstractTestNGCucumberTests.runScenario(io.cucumber.testng.PickleWrapper,io.cucumber.testng.FeatureWrapper)[pri:0, instance:org.executionPackage.TestRunner@35841320]" name="runScenario" class="io.cucumber.testng.AbstractTestNGCucumberTests"/>
        <method signature="AbstractTestNGCucumberTests.runScenario(io.cucumber.testng.PickleWrapper,io.cucumber.testng.FeatureWrapper)[pri:0, instance:org.executionPackage.TestRunner@2dfaea86]" name="runScenario" class="io.cucumber.testng.AbstractTestNGCucumberTests"/>
      </group> <!-- cucumber -->
    </groups>
    <test started-at="2026-04-21T12:12:03 IST" name="Firefox" finished-at="2026-04-21T12:13:59 IST" duration-ms="116429">
      <class name="org.executionPackage.TestRunner">
        <test-method is-config="true" signature="setUpClass(org.testng.ITestContext)[pri:0, instance:org.executionPackage.TestRunner@2dfaea86]" started-at="2026-04-21T12:12:03 IST" name="setUpClass" finished-at="2026-04-21T12:12:04 IST" duration-ms="1416" status="PASS">
          <params>
            <param index="0">
              <value>
                <![CDATA[org.testng.TestRunner@45efd90f]]>
              </value>
            </param>
          </params>
          <reporter-output>
          </reporter-output>
        </test-method> <!-- setUpClass -->
        <test-method signature="runScenario(io.cucumber.testng.PickleWrapper,io.cucumber.testng.FeatureWrapper)[pri:0, instance:org.executionPackage.TestRunner@2dfaea86]" started-at="2026-04-21T12:12:04 IST" name="runScenario" description="Runs Cucumber Scenarios" data-provider="scenarios" finished-at="2026-04-21T12:13:57 IST" duration-ms="112381" status="PASS">
          <params>
            <param index="0">
              <value>
                <![CDATA["Place Order"]]>
              </value>
            </param>
            <param index="1">
              <value>
                <![CDATA["Order"]]>
              </value>
            </param>
          </params>
          <reporter-output>
          </reporter-output>
        </test-method> <!-- runScenario -->
        <test-method signature="runScenario(io.cucumber.testng.PickleWrapper,io.cucumber.testng.FeatureWrapper)[pri:0, instance:org.executionPackage.TestRunner@2dfaea86]" started-at="2026-04-21T12:12:04 IST" name="runScenario" description="Runs Cucumber Scenarios" data-provider="scenarios" finished-at="2026-04-21T12:13:52 IST" duration-ms="107754" status="PASS">
          <params>
            <param index="0">
              <value>
                <![CDATA["Login test"]]>
              </value>
            </param>
            <param index="1">
              <value>
                <![CDATA["Login"]]>
              </value>
            </param>
          </params>
          <reporter-output>
          </reporter-output>
        </test-method> <!-- runScenario -->
        <test-method signature="runScenario(io.cucumber.testng.PickleWrapper,io.cucumber.testng.FeatureWrapper)[pri:0, instance:org.executionPackage.TestRunner@2dfaea86]" started-at="2026-04-21T12:12:04 IST" name="runScenario" description="Runs Cucumber Scenarios" data-provider="scenarios" finished-at="2026-04-21T12:13:56 IST" duration-ms="111459" status="PASS">
          <params>
            <param index="0">
              <value>
                <![CDATA["Login test"]]>
              </value>
            </param>
            <param index="1">
              <value>
                <![CDATA["Login"]]>
              </value>
            </param>
          </params>
          <reporter-output>
          </reporter-output>
        </test-method> <!-- runScenario -->
        <test-method signature="runScenario(io.cucumber.testng.PickleWrapper,io.cucumber.testng.FeatureWrapper)[pri:0, instance:org.executionPackage.TestRunner@2dfaea86]" started-at="2026-04-21T12:12:04 IST" name="runScenario" description="Runs Cucumber Scenarios" data-provider="scenarios" finished-at="2026-04-21T12:13:59 IST" duration-ms="114725" status="FAIL">
          <params>
            <param index="0">
              <value>
                <![CDATA["Get user details"]]>
              </value>
            </param>
            <param index="1">
              <value>
                <![CDATA["API Testing"]]>
              </value>
            </param>
          </params>
          <exception class="java.lang.AssertionError">
            <message>
              <![CDATA[expected [200] but found [401]]]>
            </message>
            <full-stacktrace>
              <![CDATA[java.lang.AssertionError: expected [200] but found [401]
at org.testng.Assert.fail(Assert.java:111)
at org.testng.Assert.failNotEquals(Assert.java:1578)
at org.testng.Assert.assertEqualsImpl(Assert.java:150)
at org.testng.Assert.assertEquals(Assert.java:132)
at org.testng.Assert.assertEquals(Assert.java:1419)
at org.testng.Assert.assertEquals(Assert.java:1383)
at org.testng.Assert.assertEquals(Assert.java:1429)
at org.stepDefinitions.APISteps.validateStatus(APISteps.java:22)
at ✽.response status code should be 200(file:///C:/Users/user/eclipse-workspace/SauceDemoAssignment/src/test/resources/features/APIFeatures.feature:6)
]]>
            </full-stacktrace>
          </exception> <!-- java.lang.AssertionError -->
          <reporter-output>
          </reporter-output>
        </test-method> <!-- runScenario -->
        <test-method is-config="true" signature="tearDownClass()[pri:0, instance:org.executionPackage.TestRunner@2dfaea86]" started-at="2026-04-21T12:13:59 IST" name="tearDownClass" finished-at="2026-04-21T12:13:59 IST" duration-ms="11" status="PASS">
          <reporter-output>
          </reporter-output>
        </test-method> <!-- tearDownClass -->
      </class> <!-- org.executionPackage.TestRunner -->
    </test> <!-- Firefox -->
    <test started-at="2026-04-21T12:12:03 IST" name="Chrome" finished-at="2026-04-21T12:14:00 IST" duration-ms="116817">
      <class name="org.executionPackage.TestRunner">
        <test-method is-config="true" signature="setUpClass(org.testng.ITestContext)[pri:0, instance:org.executionPackage.TestRunner@35841320]" started-at="2026-04-21T12:12:03 IST" name="setUpClass" finished-at="2026-04-21T12:12:04 IST" duration-ms="1413" status="PASS">
          <params>
            <param index="0">
              <value>
                <![CDATA[org.testng.TestRunner@7d9f158f]]>
              </value>
            </param>
          </params>
          <reporter-output>
          </reporter-output>
        </test-method> <!-- setUpClass -->
        <test-method signature="runScenario(io.cucumber.testng.PickleWrapper,io.cucumber.testng.FeatureWrapper)[pri:0, instance:org.executionPackage.TestRunner@35841320]" started-at="2026-04-21T12:12:04 IST" name="runScenario" description="Runs Cucumber Scenarios" data-provider="scenarios" finished-at="2026-04-21T12:14:00 IST" duration-ms="115140" status="FAIL">
          <params>
            <param index="0">
              <value>
                <![CDATA["Get user details"]]>
              </value>
            </param>
            <param index="1">
              <value>
                <![CDATA["API Testing"]]>
              </value>
            </param>
          </params>
          <exception class="java.lang.AssertionError">
            <message>
              <![CDATA[expected [200] but found [401]]]>
            </message>
            <full-stacktrace>
              <![CDATA[java.lang.AssertionError: expected [200] but found [401]
at org.testng.Assert.fail(Assert.java:111)
at org.testng.Assert.failNotEquals(Assert.java:1578)
at org.testng.Assert.assertEqualsImpl(Assert.java:150)
at org.testng.Assert.assertEquals(Assert.java:132)
at org.testng.Assert.assertEquals(Assert.java:1419)
at org.testng.Assert.assertEquals(Assert.java:1383)
at org.testng.Assert.assertEquals(Assert.java:1429)
at org.stepDefinitions.APISteps.validateStatus(APISteps.java:22)
at ✽.response status code should be 200(file:///C:/Users/user/eclipse-workspace/SauceDemoAssignment/src/test/resources/features/APIFeatures.feature:6)
]]>
            </full-stacktrace>
          </exception> <!-- java.lang.AssertionError -->
          <reporter-output>
          </reporter-output>
        </test-method> <!-- runScenario -->
        <test-method signature="runScenario(io.cucumber.testng.PickleWrapper,io.cucumber.testng.FeatureWrapper)[pri:0, instance:org.executionPackage.TestRunner@35841320]" started-at="2026-04-21T12:12:04 IST" name="runScenario" description="Runs Cucumber Scenarios" data-provider="scenarios" finished-at="2026-04-21T12:13:57 IST" duration-ms="112344" status="PASS">
          <params>
            <param index="0">
              <value>
                <![CDATA["Login test"]]>
              </value>
            </param>
            <param index="1">
              <value>
                <![CDATA["Login"]]>
              </value>
            </param>
          </params>
          <reporter-output>
          </reporter-output>
        </test-method> <!-- runScenario -->
        <test-method signature="runScenario(io.cucumber.testng.PickleWrapper,io.cucumber.testng.FeatureWrapper)[pri:0, instance:org.executionPackage.TestRunner@35841320]" started-at="2026-04-21T12:12:04 IST" name="runScenario" description="Runs Cucumber Scenarios" data-provider="scenarios" finished-at="2026-04-21T12:13:57 IST" duration-ms="112389" status="PASS">
          <params>
            <param index="0">
              <value>
                <![CDATA["Login test"]]>
              </value>
            </param>
            <param index="1">
              <value>
                <![CDATA["Login"]]>
              </value>
            </param>
          </params>
          <reporter-output>
          </reporter-output>
        </test-method> <!-- runScenario -->
        <test-method signature="runScenario(io.cucumber.testng.PickleWrapper,io.cucumber.testng.FeatureWrapper)[pri:0, instance:org.executionPackage.TestRunner@35841320]" started-at="2026-04-21T12:12:04 IST" name="runScenario" description="Runs Cucumber Scenarios" data-provider="scenarios" finished-at="2026-04-21T12:13:58 IST" duration-ms="113608" status="PASS">
          <params>
            <param index="0">
              <value>
                <![CDATA["Place Order"]]>
              </value>
            </param>
            <param index="1">
              <value>
                <![CDATA["Order"]]>
              </value>
            </param>
          </params>
          <reporter-output>
          </reporter-output>
        </test-method> <!-- runScenario -->
        <test-method is-config="true" signature="tearDownClass()[pri:0, instance:org.executionPackage.TestRunner@35841320]" started-at="2026-04-21T12:14:00 IST" name="tearDownClass" finished-at="2026-04-21T12:14:00 IST" duration-ms="4" status="PASS">
          <reporter-output>
          </reporter-output>
        </test-method> <!-- tearDownClass -->
      </class> <!-- org.executionPackage.TestRunner -->
    </test> <!-- Chrome -->
  </suite> <!-- Suite -->
</testng-results>
