<?xml version="1.0" encoding="UTF-8"?>
<!-- Generated by org.testng.reporters.JUnitReportReporter -->
<testsuite hostname="DESKTOP-LS1FC4S" failures="2" tests="8" name="org.executionPackage.TestRunner" time="899.800" errors="0" timestamp="2026-04-21T12:14:02 IST" skipped="0">
  <testcase classname="org.executionPackage.TestRunner" name="runScenario" time="114.725">
    <failure message="expected [200] but found [401]" type="java.lang.AssertionError">
      <![CDATA[java.lang.AssertionError: expected [200] but found [401]
at org.testng.Assert.fail(Assert.java:111)
at org.testng.Assert.failNotEquals(Assert.java:1578)
at org.testng.Assert.assertEqualsImpl(Assert.java:150)
at org.testng.Assert.assertEquals(Assert.java:132)
at org.testng.Assert.assertEquals(Assert.java:1419)
at org.testng.Assert.assertEquals(Assert.java:1383)
at org.testng.Assert.assertEquals(Assert.java:1429)
at org.stepDefinitions.APISteps.validateStatus(APISteps.java:22)
at ✽.response status code should be 200(file:///C:/Users/user/eclipse-workspace/SauceDemoAssignment/src/test/resources/features/APIFeatures.feature:6)
]]>
    </failure>
  </testcase> <!-- runScenario -->
  <testcase classname="org.executionPackage.TestRunner" name="runScenario" time="112.344"/>
  <testcase classname="org.executionPackage.TestRunner" name="runScenario" time="111.459"/>
  <testcase classname="org.executionPackage.TestRunner" name="runScenario" time="112.381"/>
  <testcase classname="org.executionPackage.TestRunner" name="runScenario" time="115.140">
    <failure message="expected [200] but found [401]" type="java.lang.AssertionError">
      <![CDATA[java.lang.AssertionError: expected [200] but found [401]
at org.testng.Assert.fail(Assert.java:111)
at org.testng.Assert.failNotEquals(Assert.java:1578)
at org.testng.Assert.assertEqualsImpl(Assert.java:150)
at org.testng.Assert.assertEquals(Assert.java:132)
at org.testng.Assert.assertEquals(Assert.java:1419)
at org.testng.Assert.assertEquals(Assert.java:1383)
at org.testng.Assert.assertEquals(Assert.java:1429)
at org.stepDefinitions.APISteps.validateStatus(APISteps.java:22)
at ✽.response status code should be 200(file:///C:/Users/user/eclipse-workspace/SauceDemoAssignment/src/test/resources/features/APIFeatures.feature:6)
]]>
    </failure>
  </testcase> <!-- runScenario -->
  <testcase classname="org.executionPackage.TestRunner" name="runScenario" time="113.608"/>
  <testcase classname="org.executionPackage.TestRunner" name="runScenario" time="107.754"/>
  <testcase classname="org.executionPackage.TestRunner" name="runScenario" time="112.389"/>
</testsuite> <!-- org.executionPackage.TestRunner -->
